<?xml version="1.0" encoding="UTF-8"?>
<testsuite xmlns:xsi="http://www.w3.org/2001/XMLSchema-instance" xsi:noNamespaceSchemaLocation="https://maven.apache.org/surefire/maven-surefire-plugin/xsd/surefire-test-report.xsd" name="TestRunner" time="35.06" tests="14" errors="0" skipped="0" failures="6">
  <properties>
[...]
</properties>
  <testcase name="testAll[1][1]" classname="TestRunner" time="7.46"/>
  <testcase name="testAll[1][2]" classname="TestRunner" time="2.794"/>
  <testcase name="testAll[2][1]" classname="TestRunner" time="1.001"/>
  <testcase name="testAll[2][2]" classname="TestRunner" time="0.955">
    <failure message="status code was: 404, expected: 200, response time in milliseconds: 737, url: https://petstore.swagger.io/v2/pet/10, response: &#10;{&quot;code&quot;:1,&quot;type&quot;:&quot;error&quot;,&quot;message&quot;:&quot;Pet not found&quot;}&#10;classpath:petstore/features/pet-example-1.feature:28" type="org.opentest4j.AssertionFailedError">org.opentest4j.AssertionFailedError: 
status code was: 404, expected: 200, response time in milliseconds: 737, url: https://petstore.swagger.io/v2/pet/10, response: 
{"code":1,"type":"error","message":"Pet not found"}
classpath:petstore/features/pet-example-1.feature:28
</failure>
    <system-out><![CDATA[00:19:15.781 [main] INFO  com.intuit.karate - karate.env system property was: null 
00:19:15.830 [main] DEBUG com.intuit.karate - request:
1 > GET https://petstore.swagger.io/v2/pet/10
1 > Accept: application/json
1 > Content-Type: application/json
1 > Host: petstore.swagger.io
1 > Connection: Keep-Alive
1 > User-Agent: Apache-HttpClient/4.5.13 (Java/11.0.8)
1 > Accept-Encoding: gzip,deflate


00:19:16.572 [main] DEBUG com.intuit.karate - response time in milliseconds: 737
1 < 404
1 < Date: Sat, 26 Feb 2022 03:19:16 GMT
1 < Content-Type: application/json
1 < Transfer-Encoding: chunked
1 < Connection: keep-alive
1 < Access-Control-Allow-Origin: *
1 < Access-Control-Allow-Methods: GET, POST, DELETE, PUT
1 < Access-Control-Allow-Headers: Content-Type, api_key, Authorization
1 < Server: Jetty(9.2.9.v20150224)
{"code":1,"type":"error","message":"Pet not found"}
00:19:16.578 [main] ERROR com.intuit.karate - classpath:petstore/features/pet-example-1.feature:28
Then status 200
status code was: 404, expected: 200, response time in milliseconds: 737, url: https://petstore.swagger.io/v2/pet/10, response: 
{"code":1,"type":"error","message":"Pet not found"}
classpath:petstore/features/pet-example-1.feature:28
]]></system-out>
  </testcase>
  <testcase name="testAll[2][3]" classname="TestRunner" time="0.663"/>
  <testcase name="testAll[2][4]" classname="TestRunner" time="1.502"/>
  <testcase name="testAll[3][1]" classname="TestRunner" time="0.915"/>
  <testcase name="testAll[3][2]" classname="TestRunner" time="0.707">
    <failure message="status code was: 404, expected: 200, response time in milliseconds: 697, url: https://petstore.swagger.io/v2/store/order/10, response: &#10;{&quot;code&quot;:1,&quot;type&quot;:&quot;error&quot;,&quot;message&quot;:&quot;Order not found&quot;}&#10;classpath:petstore/features/store-example-1.feature:28" type="org.opentest4j.AssertionFailedError">org.opentest4j.AssertionFailedError: 
status code was: 404, expected: 200, response time in milliseconds: 697, url: https://petstore.swagger.io/v2/store/order/10, response: 
{"code":1,"type":"error","message":"Order not found"}
classpath:petstore/features/store-example-1.feature:28
</failure>
    <system-out><![CDATA[00:19:19.845 [main] INFO  com.intuit.karate - karate.env system property was: null 
00:19:19.862 [main] DEBUG com.intuit.karate - request:
1 > GET https://petstore.swagger.io/v2/store/order/10
1 > Accept: application/json
1 > Content-Type: application/json
1 > Host: petstore.swagger.io
1 > Connection: Keep-Alive
1 > User-Agent: Apache-HttpClient/4.5.13 (Java/11.0.8)
1 > Accept-Encoding: gzip,deflate


00:19:20.560 [main] DEBUG com.intuit.karate - response time in milliseconds: 697
1 < 404
1 < Date: Sat, 26 Feb 2022 03:19:20 GMT
1 < Content-Type: application/json
1 < Transfer-Encoding: chunked
1 < Connection: keep-alive
1 < Access-Control-Allow-Origin: *
1 < Access-Control-Allow-Methods: GET, POST, DELETE, PUT
1 < Access-Control-Allow-Headers: Content-Type, api_key, Authorization
1 < Server: Jetty(9.2.9.v20150224)
{"code":1,"type":"error","message":"Order not found"}
00:19:20.561 [main] ERROR com.intuit.karate - classpath:petstore/features/store-example-1.feature:28
Then status 200
status code was: 404, expected: 200, response time in milliseconds: 697, url: https://petstore.swagger.io/v2/store/order/10, response: 
{"code":1,"type":"error","message":"Order not found"}
classpath:petstore/features/store-example-1.feature:28
]]></system-out>
  </testcase>
  <testcase name="testAll[3][3]" classname="TestRunner" time="1.119">
    <failure message="status code was: 404, expected: 200, response time in milliseconds: 736, url: https://petstore.swagger.io/v2/store/order/10, response: &#10;{&quot;code&quot;:404,&quot;type&quot;:&quot;unknown&quot;,&quot;message&quot;:&quot;Order Not Found&quot;}&#10;classpath:petstore/features/store-example-1.feature:34" type="org.opentest4j.AssertionFailedError">org.opentest4j.AssertionFailedError: 
status code was: 404, expected: 200, response time in milliseconds: 736, url: https://petstore.swagger.io/v2/store/order/10, response: 
{"code":404,"type":"unknown","message":"Order Not Found"}
classpath:petstore/features/store-example-1.feature:34
</failure>
    <system-out><![CDATA[00:19:20.568 [main] INFO  com.intuit.karate - karate.env system property was: null 
00:19:20.581 [main] DEBUG com.intuit.karate - request:
1 > DELETE https://petstore.swagger.io/v2/store/order/10
1 > Accept: application/json
1 > Content-Type: application/json
1 > Host: petstore.swagger.io
1 > Connection: Keep-Alive
1 > User-Agent: Apache-HttpClient/4.5.13 (Java/11.0.8)
1 > Accept-Encoding: gzip,deflate


00:19:21.318 [main] DEBUG com.intuit.karate - response time in milliseconds: 736
1 < 404
1 < Date: Sat, 26 Feb 2022 03:19:21 GMT
1 < Content-Type: application/json
1 < Transfer-Encoding: chunked
1 < Connection: keep-alive
1 < Access-Control-Allow-Origin: *
1 < Access-Control-Allow-Methods: GET, POST, DELETE, PUT
1 < Access-Control-Allow-Headers: Content-Type, api_key, Authorization
1 < Server: Jetty(9.2.9.v20150224)
{"code":404,"type":"unknown","message":"Order Not Found"}
00:19:21.321 [main] ERROR com.intuit.karate - classpath:petstore/features/store-example-1.feature:34
Then status 200
status code was: 404, expected: 200, response time in milliseconds: 736, url: https://petstore.swagger.io/v2/store/order/10, response: 
{"code":404,"type":"unknown","message":"Order Not Found"}
classpath:petstore/features/store-example-1.feature:34
]]></system-out>
  </testcase>
  <testcase name="testAll[3][4]" classname="TestRunner" time="1.76"/>
  <testcase name="testAll[4][1]" classname="TestRunner" time="0.369"/>
  <testcase name="testAll[4][2]" classname="TestRunner" time="0.769">
    <failure message="status code was: 404, expected: 200, response time in milliseconds: 730, url: https://petstore.swagger.io/v2/user/kmitnick, response: &#10;{&quot;code&quot;:1,&quot;type&quot;:&quot;error&quot;,&quot;message&quot;:&quot;User not found&quot;}&#10;classpath:petstore/features/user-example-1.feature:32" type="org.opentest4j.AssertionFailedError">org.opentest4j.AssertionFailedError: 
status code was: 404, expected: 200, response time in milliseconds: 730, url: https://petstore.swagger.io/v2/user/kmitnick, response: 
{"code":1,"type":"error","message":"User not found"}
classpath:petstore/features/user-example-1.feature:32
</failure>
    <system-out><![CDATA[00:19:23.782 [main] INFO  com.intuit.karate - karate.env system property was: null 
00:19:23.813 [main] DEBUG com.intuit.karate - request:
1 > GET https://petstore.swagger.io/v2/user/kmitnick
1 > Accept: application/json
1 > Content-Type: application/json
1 > Host: petstore.swagger.io
1 > Connection: Keep-Alive
1 > User-Agent: Apache-HttpClient/4.5.13 (Java/11.0.8)
1 > Accept-Encoding: gzip,deflate


00:19:24.544 [main] DEBUG com.intuit.karate - response time in milliseconds: 730
1 < 404
1 < Date: Sat, 26 Feb 2022 03:19:24 GMT
1 < Content-Type: application/json
1 < Transfer-Encoding: chunked
1 < Connection: keep-alive
1 < Access-Control-Allow-Origin: *
1 < Access-Control-Allow-Methods: GET, POST, DELETE, PUT
1 < Access-Control-Allow-Headers: Content-Type, api_key, Authorization
1 < Server: Jetty(9.2.9.v20150224)
{"code":1,"type":"error","message":"User not found"}
00:19:24.546 [main] ERROR com.intuit.karate - classpath:petstore/features/user-example-1.feature:32
Then status 200
status code was: 404, expected: 200, response time in milliseconds: 730, url: https://petstore.swagger.io/v2/user/kmitnick, response: 
{"code":1,"type":"error","message":"User not found"}
classpath:petstore/features/user-example-1.feature:32
]]></system-out>
  </testcase>
  <testcase name="testAll[4][3]" classname="TestRunner" time="0.724">
    <failure message="status code was: 404, expected: 200, response time in milliseconds: 717, url: https://petstore.swagger.io/v2/user/kmitnick, response: &#10;{&quot;code&quot;:1,&quot;type&quot;:&quot;error&quot;,&quot;message&quot;:&quot;User not found&quot;}&#10;classpath:petstore/features/user-example-1.feature:47" type="org.opentest4j.AssertionFailedError">org.opentest4j.AssertionFailedError: 
status code was: 404, expected: 200, response time in milliseconds: 717, url: https://petstore.swagger.io/v2/user/kmitnick, response: 
{"code":1,"type":"error","message":"User not found"}
classpath:petstore/features/user-example-1.feature:47
</failure>
    <system-out><![CDATA[00:19:24.556 [main] INFO  com.intuit.karate - karate.env system property was: null 
00:19:24.582 [main] DEBUG com.intuit.karate - request:
1 > GET https://petstore.swagger.io/v2/user/kmitnick
1 > Accept: application/json
1 > Content-Type: application/json; charset=UTF-8
1 > Content-Length: 160
1 > Host: petstore.swagger.io
1 > Connection: Keep-Alive
1 > User-Agent: Apache-HttpClient/4.5.13 (Java/11.0.8)
1 > Accept-Encoding: gzip,deflate
{"id":"#number","username":"#string","firstName":"#string","lastName":"#string","email":"#string","password":"#string","phone":"#string","userStatus":"#number"}

00:19:25.300 [main] DEBUG com.intuit.karate - response time in milliseconds: 717
1 < 404
1 < Date: Sat, 26 Feb 2022 03:19:25 GMT
1 < Content-Type: application/json
1 < Transfer-Encoding: chunked
1 < Connection: close
1 < Access-Control-Allow-Origin: *
1 < Access-Control-Allow-Methods: GET, POST, DELETE, PUT
1 < Access-Control-Allow-Headers: Content-Type, api_key, Authorization
1 < Server: Jetty(9.2.9.v20150224)
{"code":1,"type":"error","message":"User not found"}
00:19:25.301 [main] ERROR com.intuit.karate - classpath:petstore/features/user-example-1.feature:47
Then status 200
status code was: 404, expected: 200, response time in milliseconds: 717, url: https://petstore.swagger.io/v2/user/kmitnick, response: 
{"code":1,"type":"error","message":"User not found"}
classpath:petstore/features/user-example-1.feature:47
]]></system-out>
  </testcase>
  <testcase name="testAll[4][4]" classname="TestRunner" time="2.369">
    <failure message="status code was: 404, expected: 200, response time in milliseconds: 720, url: https://petstore.swagger.io/v2/user/kmitnick, response: &#10;&#10;classpath:petstore/features/user-example-1.feature:53" type="org.opentest4j.AssertionFailedError">org.opentest4j.AssertionFailedError: 
status code was: 404, expected: 200, response time in milliseconds: 720, url: https://petstore.swagger.io/v2/user/kmitnick, response: 

classpath:petstore/features/user-example-1.feature:53
</failure>
    <system-out><![CDATA[00:19:25.312 [main] INFO  com.intuit.karate - karate.env system property was: null 
00:19:25.329 [main] DEBUG com.intuit.karate - request:
1 > DELETE https://petstore.swagger.io/v2/user/kmitnick
1 > Accept: application/json
1 > Content-Type: application/json
1 > Host: petstore.swagger.io
1 > Connection: Keep-Alive
1 > User-Agent: Apache-HttpClient/4.5.13 (Java/11.0.8)
1 > Accept-Encoding: gzip,deflate


00:19:26.049 [main] DEBUG com.intuit.karate - response time in milliseconds: 720
1 < 404
1 < Date: Sat, 26 Feb 2022 03:19:26 GMT
1 < Content-Length: 0
1 < Connection: keep-alive
1 < Access-Control-Allow-Origin: *
1 < Access-Control-Allow-Methods: GET, POST, DELETE, PUT
1 < Access-Control-Allow-Headers: Content-Type, api_key, Authorization
1 < Server: Jetty(9.2.9.v20150224)

00:19:26.051 [main] ERROR com.intuit.karate - classpath:petstore/features/user-example-1.feature:53
Then status 200
status code was: 404, expected: 200, response time in milliseconds: 720, url: https://petstore.swagger.io/v2/user/kmitnick, response: 

classpath:petstore/features/user-example-1.feature:53
---------------------------------------------------------
feature: classpath:petstore/features/user-example-1.feature
scenarios:  4 | passed:  1 | failed:  3 | time: 3.1844
---------------------------------------------------------

Karate version: 1.1.0
======================================================
elapsed:  31.14 | threads:    1 | thread time: 15.77 
features:     4 | skipped:    0 | efficiency: 0.51
scenarios:   14 | passed:     8 | failed: 6
======================================================
>>> failed features:
status code was: 404, expected: 200, response time in milliseconds: 730, url: https://petstore.swagger.io/v2/user/kmitnick, response: 
{"code":1,"type":"error","message":"User not found"}
classpath:petstore/features/user-example-1.feature:32
status code was: 404, expected: 200, response time in milliseconds: 717, url: https://petstore.swagger.io/v2/user/kmitnick, response: 
{"code":1,"type":"error","message":"User not found"}
classpath:petstore/features/user-example-1.feature:47
status code was: 404, expected: 200, response time in milliseconds: 720, url: https://petstore.swagger.io/v2/user/kmitnick, response: 

classpath:petstore/features/user-example-1.feature:53
status code was: 404, expected: 200, response time in milliseconds: 697, url: https://petstore.swagger.io/v2/store/order/10, response: 
{"code":1,"type":"error","message":"Order not found"}
classpath:petstore/features/store-example-1.feature:28
status code was: 404, expected: 200, response time in milliseconds: 736, url: https://petstore.swagger.io/v2/store/order/10, response: 
{"code":404,"type":"unknown","message":"Order Not Found"}
classpath:petstore/features/store-example-1.feature:34
status code was: 404, expected: 200, response time in milliseconds: 737, url: https://petstore.swagger.io/v2/pet/10, response: 
{"code":1,"type":"error","message":"Pet not found"}
classpath:petstore/features/pet-example-1.feature:28
<<<

HTML report: (paste into browser to view) | Karate version: 1.1.0
file:///C:/Users/kvasquez/Documents/charly-projects/starter-karate-dsl/target/karate-reports/karate-summary.html
===================================================================

]]></system-out>
  </testcase>
</testsuite>